[    0.000000] Linux version 4.15.0-180-generic (buildd@lcy02-amd64-097) (gcc version 7.5.0 (Ubuntu 7.5.0-3ubuntu1~18.04)) #189-Ubuntu SMP Wed May 18 14:13:57 UTC 2022 (Ubuntu 4.15.0-180.189-generic 4.15.18)
[    0.000000] Command line: BOOT_IMAGE=/boot/vmlinuz-4.15.0-180-generic root=LABEL=cloudimg-rootfs ro console=tty1 console=ttyS0
[    0.000000] KERNEL supported cpus:
[    0.000000]   Intel GenuineIntel
[    0.000000]   AMD AuthenticAMD
[    0.000000]   Centaur CentaurHauls
[    0.000000] x86/fpu: Supporting XSAVE feature 0x001: 'x87 floating point registers'
[    0.000000] x86/fpu: Supporting XSAVE feature 0x002: 'SSE registers'
[    0.000000] x86/fpu: Supporting XSAVE feature 0x004: 'AVX registers'
[    0.000000] x86/fpu: xstate_offset[2]:  576, xstate_sizes[2]:  256
[    0.000000] x86/fpu: Enabled xstate features 0x7, context size is 832 bytes, using 'standard' format.
[    0.000000] e820: BIOS-provided physical RAM map:
[    0.000000] BIOS-e820: [mem 0x0000000000000000-0x000000000009fbff] usable
[    0.000000] BIOS-e820: [mem 0x000000000009fc00-0x000000000009ffff] reserved
[    0.000000] BIOS-e820: [mem 0x00000000000f0000-0x00000000000fffff] reserved
[    0.000000] BIOS-e820: [mem 0x0000000000100000-0x000000003ffeffff] usable
[    0.000000] BIOS-e820: [mem 0x000000003fff0000-0x000000003fffffff] ACPI data
[    0.000000] BIOS-e820: [mem 0x00000000fec00000-0x00000000fec00fff] reserved
[    0.000000] BIOS-e820: [mem 0x00000000fee00000-0x00000000fee00fff] reserved
[    0.000000] BIOS-e820: [mem 0x00000000fffc0000-0x00000000ffffffff] reserved
[    0.000000] NX (Execute Disable) protection: active
[    0.000000] SMBIOS 2.5 present.
[    0.000000] DMI: innotek GmbH VirtualBox/VirtualBox, BIOS VirtualBox 12/01/2006
[    0.000000] Hypervisor detected: KVM
[    0.000000] e820: last_pfn = 0x3fff0 max_arch_pfn = 0x400000000
[    0.000000] MTRR: Disabled
[    0.000000] x86/PAT: MTRRs disabled, skipping PAT initialization too.
[    0.000000] CPU MTRRs all blank - virtualized system.
[    0.000000] x86/PAT: Configuration [0-7]: WB  WT  UC- UC  WB  WT  UC- UC  
[    0.000000] found SMP MP-table at [mem 0x0009fff0-0x0009ffff]
[    0.000000] Scanning 1 areas for low memory corruption
[    0.000000] RAMDISK: [mem 0x359c5000-0x36cd9fff]
[    0.000000] ACPI: Early table checksum verification disabled
[    0.000000] ACPI: RSDP 0x00000000000E0000 000024 (v02 VBOX  )
[    0.000000] ACPI: XSDT 0x000000003FFF0030 00003C (v01 VBOX   VBOXXSDT 00000001 ASL  00000061)
[    0.000000] ACPI: FACP 0x000000003FFF00F0 0000F4 (v04 VBOX   VBOXFACP 00000001 ASL  00000061)
[    0.000000] ACPI: DSDT 0x000000003FFF0470 002325 (v02 VBOX   VBOXBIOS 00000002 INTL 20120111)
[    0.000000] ACPI: FACS 0x000000003FFF0200 000040
[    0.000000] ACPI: FACS 0x000000003FFF0200 000040
[    0.000000] ACPI: APIC 0x000000003FFF0240 00005C (v02 VBOX   VBOXAPIC 00000001 ASL  00000061)
[    0.000000] ACPI: SSDT 0x000000003FFF02A0 0001CC (v01 VBOX   VBOXCPUT 00000002 INTL 20120111)
[    0.000000] ACPI: Reserving FACP table memory at [mem 0x3fff00f0-0x3fff01e3]
[    0.000000] ACPI: Reserving DSDT table memory at [mem 0x3fff0470-0x3fff2794]
[    0.000000] ACPI: Reserving FACS table memory at [mem 0x3fff0200-0x3fff023f]
[    0.000000] ACPI: Reserving FACS table memory at [mem 0x3fff0200-0x3fff023f]
[    0.000000] ACPI: Reserving APIC table memory at [mem 0x3fff0240-0x3fff029b]
[    0.000000] ACPI: Reserving SSDT table memory at [mem 0x3fff02a0-0x3fff046b]
[    0.000000] No NUMA configuration found
[    0.000000] Faking a node at [mem 0x0000000000000000-0x000000003ffeffff]
[    0.000000] NODE_DATA(0) allocated [mem 0x3ffc5000-0x3ffeffff]
[    0.000000] kvm-clock: cpu 0, msr 0:3ff44001, primary cpu clock
[    0.000000] kvm-clock: Using msrs 4b564d01 and 4b564d00
[    0.000000] kvm-clock: using sched offset of 3854439235 cycles
[    0.000000] clocksource: kvm-clock: mask: 0xffffffffffffffff max_cycles: 0x1cd42e4dffb, max_idle_ns: 881590591483 ns
[    0.000000] Zone ranges:
[    0.000000]   DMA      [mem 0x0000000000001000-0x0000000000ffffff]
[    0.000000]   DMA32    [mem 0x0000000001000000-0x000000003ffeffff]
[    0.000000]   Normal   empty
[    0.000000]   Device   empty
[    0.000000] Movable zone start for each node
[    0.000000] Early memory node ranges
[    0.000000]   node   0: [mem 0x0000000000001000-0x000000000009efff]
[    0.000000]   node   0: [mem 0x0000000000100000-0x000000003ffeffff]
[    0.000000] Reserved but unavailable: 104 pages
[    0.000000] Initmem setup node 0 [mem 0x0000000000001000-0x000000003ffeffff]
[    0.000000] ACPI: PM-Timer IO Port: 0x4008
[    0.000000] IOAPIC[0]: apic_id 2, version 32, address 0xfec00000, GSI 0-23
[    0.000000] ACPI: INT_SRC_OVR (bus 0 bus_irq 0 global_irq 2 dfl dfl)
[    0.000000] ACPI: INT_SRC_OVR (bus 0 bus_irq 9 global_irq 9 low level)
[    0.000000] Using ACPI (MADT) for SMP configuration information
[    0.000000] smpboot: Allowing 2 CPUs, 0 hotplug CPUs
[    0.000000] PM: Registered nosave memory: [mem 0x00000000-0x00000fff]
[    0.000000] PM: Registered nosave memory: [mem 0x0009f000-0x0009ffff]
[    0.000000] PM: Registered nosave memory: [mem 0x000a0000-0x000effff]
[    0.000000] PM: Registered nosave memory: [mem 0x000f0000-0x000fffff]
[    0.000000] e820: [mem 0x40000000-0xfebfffff] available for PCI devices
[    0.000000] Booting paravirtualized kernel on KVM
[    0.000000] clocksource: refined-jiffies: mask: 0xffffffff max_cycles: 0xffffffff, max_idle_ns: 7645519600211568 ns
[    0.000000] random: get_random_bytes called from start_kernel+0x99/0x500 with crng_init=0
[    0.000000] setup_percpu: NR_CPUS:8192 nr_cpumask_bits:2 nr_cpu_ids:2 nr_node_ids:1
[    0.000000] percpu: Embedded 50 pages/cpu s167936 r8192 d28672 u1048576
[    0.000000] PV qspinlock hash table entries: 256 (order: 0, 4096 bytes)
[    0.000000] Built 1 zonelists, mobility grouping on.  Total pages: 257913
[    0.000000] Policy zone: DMA32
[    0.000000] Kernel command line: BOOT_IMAGE=/boot/vmlinuz-4.15.0-180-generic root=LABEL=cloudimg-rootfs ro console=tty1 console=ttyS0
[    0.000000] Memory: 982636K/1048120K available (12300K kernel code, 2484K rwdata, 4324K rodata, 2468K init, 2724K bss, 65484K reserved, 0K cma-reserved)
[    0.000000] SLUB: HWalign=64, Order=0-3, MinObjects=0, CPUs=2, Nodes=1
[    0.000000] Kernel/User page tables isolation: enabled
[    0.000000] ftrace: allocating 39507 entries in 155 pages
[    0.004000] Hierarchical RCU implementation.
[    0.004000] 	RCU restricting CPUs from NR_CPUS=8192 to nr_cpu_ids=2.
[    0.004000] 	Tasks RCU enabled.
[    0.004000] RCU: Adjusting geometry for rcu_fanout_leaf=16, nr_cpu_ids=2
[    0.004000] NR_IRQS: 524544, nr_irqs: 440, preallocated irqs: 16
[    0.004000] Console: colour VGA+ 80x25
[    0.004000] console [tty1] enabled
[    0.004000] console [ttyS0] enabled
[    0.004000] ACPI: Core revision 20170831
[    0.004000] ACPI: 2 ACPI AML tables successfully acquired and loaded
[    0.004000] APIC: Switch to symmetric I/O mode setup
[    0.004000] x2apic enabled
[    0.004000] Switched APIC routing to physical x2apic.
[    0.004000] ..TIMER: vector=0x30 apic1=0 pin1=2 apic2=-1 pin2=-1
[    0.004003] tsc: Detected 2999.998 MHz processor
[    0.004846] Calibrating delay loop (skipped) preset value.. 5999.99 BogoMIPS (lpj=11999992)
[    0.005502] pid_max: default: 32768 minimum: 301
[    0.006422] Security Framework initialized
[    0.008002] Yama: becoming mindful.
[    0.008674] AppArmor: AppArmor initialized
[    0.009589] Dentry cache hash table entries: 131072 (order: 8, 1048576 bytes)
[    0.010890] Inode-cache hash table entries: 65536 (order: 7, 524288 bytes)
[    0.012007] Mount-cache hash table entries: 2048 (order: 2, 16384 bytes)
[    0.013191] Mountpoint-cache hash table entries: 2048 (order: 2, 16384 bytes)
[    0.014805] Last level iTLB entries: 4KB 128, 2MB 8, 4MB 8
[    0.016002] Last level dTLB entries: 4KB 64, 2MB 0, 4MB 0, 1GB 4
[    0.017122] Spectre V1 : Mitigation: usercopy/swapgs barriers and __user pointer sanitization
[    0.018636] Spectre V2 : Mitigation: Retpolines
[    0.019454] Spectre V2 : Spectre v2 / SpectreRSB mitigation: Filling RSB on context switch
[    0.020001] Speculative Store Bypass: Vulnerable
[    0.020866] SRBDS: Unknown: Dependent on hypervisor status
[    0.021903] MDS: Mitigation: Clear CPU buffers
[    0.024130] Freeing SMP alternatives memory: 36K
[    0.134582] smpboot: CPU0: Intel(R) Core(TM) i5-8500B CPU @ 3.00GHz (family: 0x6, model: 0x9e, stepping: 0xa)
[    0.136000] Performance Events: unsupported p6 CPU model 158 no PMU driver, software events only.
[    0.136000] Hierarchical SRCU implementation.
[    0.136595] NMI watchdog: Perf event create on CPU 0 failed with -2
[    0.137726] NMI watchdog: Perf NMI watchdog permanently disabled
[    0.138833] smp: Bringing up secondary CPUs ...
[    0.140064] x86: Booting SMP configuration:
[    0.140846] .... node  #0, CPUs:      #1
[    0.004000] kvm-clock: cpu 1, msr 0:3ff44041, secondary cpu clock
[    0.144015] smp: Brought up 1 node, 2 CPUs
[    0.144784] smpboot: Max logical packages: 1
[    0.145567] smpboot: Total of 2 processors activated (11999.99 BogoMIPS)
[    0.148039] devtmpfs: initialized
[    0.148683] x86/mm: Memory block size: 128MB
[    0.149578] evm: security.selinux
[    0.150207] evm: security.SMACK64
[    0.150831] evm: security.SMACK64EXEC
[    0.151511] evm: security.SMACK64TRANSMUTE
[    0.152002] evm: security.SMACK64MMAP
[    0.152709] evm: security.apparmor
[    0.153379] evm: security.ima
[    0.153944] evm: security.capability
[    0.154638] clocksource: jiffies: mask: 0xffffffff max_cycles: 0xffffffff, max_idle_ns: 7645041785100000 ns
[    0.156007] futex hash table entries: 512 (order: 3, 32768 bytes)
[    0.157163] pinctrl core: initialized pinctrl subsystem
[    0.159011] RTC time:  8:19:07, date: 05/27/22
[    0.160104] NET: Registered protocol family 16
[    0.160994] audit: initializing netlink subsys (disabled)
[    0.161988] audit: type=2000 audit(1653639552.533:1): state=initialized audit_enabled=0 res=1
[    0.164012] cpuidle: using governor ladder
[    0.164776] cpuidle: using governor menu
[    0.165558] ACPI: bus type PCI registered
[    0.166309] acpiphp: ACPI Hot Plug PCI Controller Driver version: 0.5
[    0.167666] PCI: Using configuration type 1 for base access
[    0.168772] HugeTLB registered 2.00 MiB page size, pre-allocated 0 pages
[    0.169472] ACPI: Added _OSI(Module Device)
[    0.169472] ACPI: Added _OSI(Processor Device)
[    0.172007] ACPI: Added _OSI(3.0 _SCP Extensions)
[    0.172975] ACPI: Added _OSI(Processor Aggregator Device)
[    0.173940] ACPI: Added _OSI(Linux-Dell-Video)
[    0.176002] ACPI: Added _OSI(Linux-Lenovo-NV-HDMI-Audio)
[    0.176956] ACPI: Added _OSI(Linux-HPI-Hybrid-Graphics)
[    0.178232] ACPI: Executed 1 blocks of module-level executable AML code
[    0.181687] ACPI: Interpreter enabled
[    0.182386] ACPI: (supports S0 S5)
[    0.183028] ACPI: Using IOAPIC for interrupt routing
[    0.184000] PCI: Using host bridge windows from ACPI; if necessary, use "pci=nocrs" and report a bug
[    0.184168] ACPI: Enabled 2 GPEs in block 00 to 07
[    0.192629] ACPI: PCI Root Bridge [PCI0] (domain 0000 [bus 00-ff])
[    0.193778] acpi PNP0A03:00: _OSC: OS supports [ASPM ClockPM Segments MSI]
[    0.195345] acpi PNP0A03:00: _OSC: not requesting OS control; OS requires [ExtendedConfig ASPM ClockPM MSI]
[    0.196009] acpi PNP0A03:00: fail to add MMCONFIG information, can't access extended PCI configuration space under this bridge.
[    0.198447] PCI host bridge to bus 0000:00
[    0.200003] pci_bus 0000:00: root bus resource [io  0x0000-0x0cf7 window]
[    0.201228] pci_bus 0000:00: root bus resource [io  0x0d00-0xffff window]
[    0.202424] pci_bus 0000:00: root bus resource [mem 0x000a0000-0x000bffff window]
[    0.204002] pci_bus 0000:00: root bus resource [mem 0x40000000-0xfdffffff window]
[    0.205365] pci_bus 0000:00: root bus resource [bus 00-ff]
[    0.208740] pci 0000:00:01.1: legacy IDE quirk: reg 0x10: [io  0x01f0-0x01f7]
[    0.210000] pci 0000:00:01.1: legacy IDE quirk: reg 0x14: [io  0x03f6]
[    0.211160] pci 0000:00:01.1: legacy IDE quirk: reg 0x18: [io  0x0170-0x0177]
[    0.212002] pci 0000:00:01.1: legacy IDE quirk: reg 0x1c: [io  0x0376]
[    0.224222] pci 0000:00:07.0: quirk: [io  0x4000-0x403f] claimed by PIIX4 ACPI
[    0.225581] pci 0000:00:07.0: quirk: [io  0x4100-0x410f] claimed by PIIX4 SMB
[    0.230725] ACPI: PCI Interrupt Link [LNKA] (IRQs 5 9 10 *11)
[    0.232074] ACPI: PCI Interrupt Link [LNKB] (IRQs 5 9 *10 11)
[    0.233604] ACPI: PCI Interrupt Link [LNKC] (IRQs 5 *9 10 11)
[    0.234881] ACPI: PCI Interrupt Link [LNKD] (IRQs 5 9 10 *11)
[    0.236297] SCSI subsystem initialized
[    0.237229] pci 0000:00:02.0: vgaarb: setting as boot VGA device
[    0.237229] pci 0000:00:02.0: vgaarb: VGA device added: decodes=io+mem,owns=io+mem,locks=none
[    0.240009] pci 0000:00:02.0: vgaarb: bridge control possible
[    0.241060] vgaarb: loaded
[    0.241605] ACPI: bus type USB registered
[    0.242364] usbcore: registered new interface driver usbfs
[    0.243358] usbcore: registered new interface driver hub
[    0.244014] usbcore: registered new device driver usb
[    0.244988] EDAC MC: Ver: 3.0.0
[    0.244988] PCI: Using ACPI for IRQ routing
[    0.245086] NetLabel: Initializing
[    0.248006] NetLabel:  domain hash size = 128
[    0.248826] NetLabel:  protocols = UNLABELED CIPSOv4 CALIPSO
[    0.249849] NetLabel:  unlabeled traffic allowed by default
[    0.250859] clocksource: Switched to clocksource kvm-clock
[    0.258154] VFS: Disk quotas dquot_6.6.0
[    0.259173] VFS: Dquot-cache hash table entries: 512 (order 0, 4096 bytes)
[    0.260576] AppArmor: AppArmor Filesystem Enabled
[    0.261449] pnp: PnP ACPI init
[    0.263069] pnp: PnP ACPI: found 3 devices
[    0.271094] clocksource: acpi_pm: mask: 0xffffff max_cycles: 0xffffff, max_idle_ns: 2085701024 ns
[    0.272991] NET: Registered protocol family 2
[    0.273820] IP idents hash table entries: 16384 (order: 5, 131072 bytes)
[    0.276024] TCP established hash table entries: 8192 (order: 4, 65536 bytes)
[    0.277317] TCP bind hash table entries: 8192 (order: 5, 131072 bytes)
[    0.278632] TCP: Hash tables configured (established 8192 bind 8192)
[    0.279986] UDP hash table entries: 512 (order: 2, 16384 bytes)
[    0.281091] UDP-Lite hash table entries: 512 (order: 2, 16384 bytes)
[    0.282368] NET: Registered protocol family 1
[    0.283549] pci 0000:00:00.0: Limiting direct PCI/PCI transfers
[    0.284652] pci 0000:00:01.0: Activating ISA DMA hang workarounds
[    0.285964] pci 0000:00:02.0: Video device with shadowed ROM at [mem 0x000c0000-0x000dffff]
[    0.287875] Unpacking initramfs...
[    0.515556] Freeing initrd memory: 19540K
[    0.516728] clocksource: tsc: mask: 0xffffffffffffffff max_cycles: 0x2b3e43c8763, max_idle_ns: 440795360101 ns
[    0.518755] platform rtc_cmos: registered platform RTC device (no PNP device found)
[    0.520278] Scanning for low memory corruption every 60 seconds
[    0.521855] Initialise system trusted keyrings
[    0.522692] Key type blacklist registered
[    0.523505] workingset: timestamp_bits=36 max_order=18 bucket_order=0
[    0.525360] zbud: loaded
[    0.526213] squashfs: version 4.0 (2009/01/31) Phillip Lougher
[    0.527572] fuse init (API version 7.26)
[    0.529523] Key type asymmetric registered
[    0.530289] Asymmetric key parser 'x509' registered
[    0.531191] Block layer SCSI generic (bsg) driver version 0.4 loaded (major 246)
[    0.532611] io scheduler noop registered
[    0.533344] io scheduler deadline registered
[    0.534147] io scheduler cfq registered (default)
[    0.535275] ACPI: AC Adapter [AC] (on-line)
[    0.536125] input: Power Button as /devices/LNXSYSTM:00/LNXPWRBN:00/input/input0
[    0.537511] ACPI: Power Button [PWRF]
[    0.538268] input: Sleep Button as /devices/LNXSYSTM:00/LNXSLPBN:00/input/input1
[    0.539625] ACPI: Sleep Button [SLPF]
[    0.540619] Serial: 8250/16550 driver, 32 ports, IRQ sharing enabled
[    0.562624] 00:02: ttyS0 at I/O 0x3f8 (irq = 4, base_baud = 115200) is a 16550A
[    0.565965] Linux agpgart interface v0.103
[    0.567694] loop: module loaded
[    0.568758] scsi host0: ata_piix
[    0.569457] scsi host1: ata_piix
[    0.570323] ata1: PATA max UDMA/33 cmd 0x1f0 ctl 0x3f6 bmdma 0xd000 irq 14
[    0.571723] ata2: PATA max UDMA/33 cmd 0x170 ctl 0x376 bmdma 0xd008 irq 15
[    0.573044] tun: Universal TUN/TAP device driver, 1.6
[    0.574063] PPP generic driver version 2.4.2
[    0.574963] ehci_hcd: USB 2.0 'Enhanced' Host Controller (EHCI) Driver
[    0.576140] ehci-pci: EHCI PCI platform driver
[    0.576988] ehci-platform: EHCI generic platform driver
[    0.577940] ohci_hcd: USB 1.1 'Open' Host Controller (OHCI) Driver
[    0.579036] ohci-pci: OHCI PCI platform driver
[    0.579945] ohci-platform: OHCI generic platform driver
[    0.580925] uhci_hcd: USB Universal Host Controller Interface driver
[    0.582087] i8042: PNP: PS/2 Controller [PNP0303:PS2K,PNP0f03:PS2M] at 0x60,0x64 irq 1,12
[    0.583919] serio: i8042 KBD port at 0x60,0x64 irq 1
[    0.584868] serio: i8042 AUX port at 0x60,0x64 irq 12
[    0.585983] mousedev: PS/2 mouse device common for all mice
[    0.587567] rtc_cmos rtc_cmos: rtc core: registered rtc_cmos as rtc0
[    0.588800] rtc_cmos rtc_cmos: alarms up to one day, 114 bytes nvram
[    0.590000] i2c /dev entries driver
[    0.590708] input: AT Translated Set 2 keyboard as /devices/platform/i8042/serio0/input/input2
[    0.592210] device-mapper: uevent: version 1.0.3
[    0.593189] device-mapper: ioctl: 4.37.0-ioctl (2017-09-20) initialised: dm-devel@redhat.com
[    0.594761] ledtrig-cpu: registered to indicate activity on CPUs
[    0.596194] NET: Registered protocol family 10
[    0.599607] Segment Routing with IPv6
[    0.600505] NET: Registered protocol family 17
[    0.601368] Key type dns_resolver registered
[    0.602439] mce: Using 0 MCE banks
[    0.603155] RAS: Correctable Errors collector initialized.
[    0.604252] sched_clock: Marking stable (604246852, 0)->(753847226, -149600374)
[    0.605797] registered taskstats version 1
[    0.606581] Loading compiled-in X.509 certificates
[    0.609072] Loaded X.509 cert 'Build time autogenerated kernel key: 5b165579d658a5808005e73a2425cc20635793b1'
[    0.611451] Loaded X.509 cert 'Canonical Ltd. Live Patch Signing: 14df34d1a87cf37625abec039ef2bf521249b969'
[    0.613637] Loaded X.509 cert 'Canonical Ltd. Kernel Module Signing: 88f752e560a1e0737e31163a466ad7b70a850c19'
[    0.615422] blacklist: Loading compiled-in revocation X.509 certificates
[    0.616775] Loaded X.509 cert 'Canonical Ltd. Secure Boot Signing: 61482aa2830d0ab2ad5af10b7250da9033ddcef0'
[    0.618585] zswap: loaded using pool lzo/zbud
[    0.621861] Key type big_key registered
[    0.622601] Key type trusted registered
[    0.624395] Key type encrypted registered
[    0.625150] AppArmor: AppArmor sha1 policy hashing enabled
[    0.626148] ima: No TPM chip found, activating TPM-bypass! (rc=-19)
[    0.627277] ima: Allocated hash algorithm: sha1
[    0.628118] evm: HMAC attrs: 0x1
[    0.628983]   Magic number: 6:142:322
[    0.629774] misc mcelog: hash matches
[    0.630670] tty tty47: hash matches
[    0.631412] rtc_cmos rtc_cmos: setting system clock to 2022-05-27 08:19:07 UTC (1653639547)
[    0.633019] BIOS EDD facility v0.16 2004-Jun-25, 0 devices found
[    0.634105] EDD information not available.
[    0.756569] Freeing unused kernel image memory: 2468K
[    0.768465] Write protecting the kernel read-only data: 20480k
[    0.770829] Freeing unused kernel image memory: 2008K
[    0.772657] Freeing unused kernel image memory: 1820K
[    0.778907] x86/mm: Checked W+X mappings: passed, no W+X pages found.
[    0.780340] x86/mm: Checking user space page tables
[    0.786432] x86/mm: Checked W+X mappings: passed, no W+X pages found.
Loading, please wait...
starting version 237
[    0.833563] e1000: Intel(R) PRO/1000 Network Driver - version 7.3.21-k8-NAPI
[    0.835056] e1000: Copyright (c) 1999-2006 Intel Corporation.
[    0.838026] Fusion MPT base driver 3.04.20
[    0.838803] Copyright (c) 1999-2008 LSI Corporation
[    0.855424] AVX2 version of gcm_enc/dec engaged.
[    0.856544] AES CTR mode by8 optimization enabled
[    0.860905] Fusion MPT SPI Host driver 3.04.20
[    1.048022] input: ImExPS/2 Generic Explorer Mouse as /devices/platform/i8042/serio1/input/input4
[    1.241255] e1000 0000:00:03.0 eth0: (PCI:33MHz:32-bit) 02:36:1c:f2:a8:92
[    1.242824] e1000 0000:00:03.0 eth0: Intel(R) PRO/1000 Network Connection
[    1.245082] mptbase: ioc0: Initiating bringup
[    1.246379] e1000 0000:00:03.0 enp0s3: renamed from eth0
[    1.341302] ioc0: LSI53C1030 A0: Capabilities={Initiator}
[    1.582950] scsi host2: ioc0: LSI53C1030 A0, FwRev=00000000h, Ports=1, MaxQ=256, IRQ=20
[    1.752579] scsi 2:0:0:0: Direct-Access     VBOX     HARDDISK         1.0  PQ: 0 ANSI: 5
[    1.788181] scsi target2:0:0: Beginning Domain Validation
[    1.791060] scsi target2:0:0: Domain Validation skipping write tests
[    1.792269] scsi target2:0:0: Ending Domain Validation
[    1.793328] scsi target2:0:0: asynchronous
[    1.795174] scsi 2:0:1:0: Direct-Access     VBOX     HARDDISK         1.0  PQ: 0 ANSI: 5
[    1.828205] scsi target2:0:1: Beginning Domain Validation
[    1.831211] random: fast init done
[    1.832053] scsi target2:0:1: Domain Validation skipping write tests
[    1.833203] scsi target2:0:1: Ending Domain Validation
[    1.834211] scsi target2:0:1: asynchronous
[    1.837705] random: systemd-udevd: uninitialized urandom read (16 bytes read)
[    1.839580] sd 2:0:0:0: Attached scsi generic sg0 type 0
[    1.839638] random: systemd-udevd: uninitialized urandom read (16 bytes read)
[    1.841955] random: systemd-udevd: uninitialized urandom read (16 bytes read)
[    1.843290] sd 2:0:1:0: Attached scsi generic sg1 type 0
[    1.843318] sd 2:0:0:0: [sda] 83886080 512-byte logical blocks: (42.9 GB/40.0 GiB)
[    1.845806] sd 2:0:0:0: [sda] Write Protect is off
[    1.845812] sd 2:0:1:0: [sdb] 20480 512-byte logical blocks: (10.5 MB/10.0 MiB)
[    1.848291] sd 2:0:1:0: [sdb] Write Protect is off
[    1.848589] sd 2:0:0:0: [sda] Incomplete mode parameter data
[    1.850381] sd 2:0:0:0: [sda] Assuming drive cache: write through
[    1.851590] sd 2:0:1:0: [sdb] Incomplete mode parameter data
[    1.852675]  sda: sda1
[    1.853067] sd 2:0:0:0: [sda] Attached SCSI disk
[    1.853186] sd 2:0:1:0: [sdb] Assuming drive cache: write through
[    1.856894] sd 2:0:1:0: [sdb] Attached SCSI disk
Begin: Loading essential drivers ... [    3.220266] raid6: sse2x1   gen() 13733 MB/s
[    3.268134] raid6: sse2x1   xor()  9915 MB/s
[    3.316557] raid6: sse2x2   gen() 17443 MB/s
[    3.364435] raid6: sse2x2   xor() 11622 MB/s
[    3.412541] raid6: sse2x4   gen() 19704 MB/s
[    3.460125] raid6: sse2x4   xor() 12105 MB/s
[    3.508100] raid6: avx2x1   gen() 26355 MB/s
[    3.556578] raid6: avx2x1   xor() 19528 MB/s
[    3.604527] raid6: avx2x2   gen() 32287 MB/s
[    3.652565] raid6: avx2x2   xor() 21674 MB/s
[    3.700012] raid6: avx2x4   gen() 38398 MB/s
[    3.748175] raid6: avx2x4   xor() 23363 MB/s
[    3.749151] raid6: using algorithm avx2x4 gen() 38398 MB/s
[    3.750294] raid6: .... xor() 23363 MB/s, rmw enabled
[    3.751181] raid6: using avx2x2 recovery algorithm
[    3.752907] xor: automatically using best checksumming function   avx       
[    3.754795] async_tx: api initialized (async)
done.
Begin: Running /scripts/init-premount ... done.
Begin: Mounting root file system ... Begin: Running /scripts/local-top ... done.
Begin: Running /scripts/local-premount ... [    3.787697] Btrfs loaded, crc32c=crc32c-intel
Scanning for Btrfs filesystems
done.
Warning: fsck not present, so skipping root file system
[    3.810085] EXT4-fs (sda1): mounted filesystem with ordered data mode. Opts: (null)
done.
Begin: Running /scripts/local-bottom ... done.
Begin: Running /scripts/init-bottom ... done.
[    3.938789] ip_tables: (C) 2000-2006 Netfilter Core Team
[    3.945629] systemd[1]: systemd 237 running in system mode. (+PAM +AUDIT +SELINUX +IMA +APPARMOR +SMACK +SYSVINIT +UTMP +LIBCRYPTSETUP +GCRYPT +GNUTLS +ACL +XZ +LZ4 +SECCOMP +BLKID +ELFUTILS +KMOD -IDN2 +IDN -PCRE2 default-hierarchy=hybrid)
[    3.949454] systemd[1]: Detected virtualization oracle.
[    3.950415] systemd[1]: Detected architecture x86-64.

Welcome to [1mUbuntu 18.04.6 LTS[0m!

[    3.954715] systemd[1]: Set hostname to <ubuntu>.
[    3.957772] systemd[1]: Initializing machine ID from random generator.
[    3.958970] systemd[1]: Installed transient /etc/machine-id file.
[    4.147566] systemd[1]: Created slice User and Session Slice.
[[0;32m  OK  [0m] Created slice User and Session Slice.
[    4.149571] systemd[1]: Reached target Swap.
[[0;32m  OK  [0m] Reached target Swap.
[    4.151208] systemd[1]: Created slice System Slice.
[[0;32m  OK  [0m] Created slice System Slice.
[    4.152924] systemd[1]: Listening on Journal Socket.
[[0;32m  OK  [0m] Listening on Journal Socket.
[[0;32m  OK  [0m] Created slice system-serial\x2dgetty.slice.
         Mounting POSIX Message Queue File System...
[[0;32m  OK  [0m] Listening on /dev/initctl Compatibility Named Pipe.
[[0;32m  OK  [0m] Listening on Network Service Netlink Socket.
[[0;32m  OK  [0m] Listening on Syslog Socket.
         Mounting Kernel Debug File System...
[[0;32m  OK  [0m] Listening on Journal Socket (/dev/log).
         Starting Set the console keyboard layout...
[[0;32m  OK  [0m] Listening on Journal Audit Socket.
         Starting Create list of required st…ce nodes for the current kernel...
[[0;32m  OK  [0m] Started Forward Password Requests to Wall Directory Watch.
[[0;32m  OK  [0m] Listening on LVM2 metadata daemon socket.
         Mounting Huge Pages File System...
         Starting Uncomplicated firewall...
[[0;32m  OK  [0m] Listening on fsck to fsckd communication Socket.
[[0;32m  OK  [0m] Listening on LVM2 poll daemon socket.
[[0;32m  OK  [0m] Set up automount Arbitrary Executab…rmats File System Automount Point.
         Starting File System Check on Root Device...
[[0;32m  OK  [0m] Listening on udev Kernel Socket.
[[0;32m  OK  [0m] Reached target System Time Synchronized.
[[0;32m  OK  [0m] Listening on Device-mapper event daemon FIFOs.
[[0;32m  OK  [0m] Listening on udev Control Socket.
         Starting udev Coldplug all Devices...
[[0;32m  OK  [0m] Reached target User and Group Name Lookups.
         Starting Load Kernel Modules...
         Starting Monitoring of LVM2 mirrors…ng dmeventd or progress polling...
[[0;32m  OK  [0m] Reached target Slices.
         Starting Journal Service...
[[0;32m  OK  [0m] Mounted POSIX Message Queue File System.
[[0;32m  OK  [0m] Mounted Kernel Debug File System.
[[0;32m  OK  [0m] Started Create list of required sta…vice nodes for the current kernel.
[[0;32m  OK  [0m] Mounted Huge Pages File System.
[[0;32m  OK  [0m] Started Uncomplicated firewall.
[[0;32m  OK  [0m] Started File System Check Daemon to report status.
         Starting Create Static Device Nodes in /dev...
[[0;32m  OK  [0m] Started File System Check on Root Device.
         Starting Remount Root and Kernel File Systems...
[    4.266501] Loading iSCSI transport class v2.0-870.
[    4.271461] iscsi: registered transport (tcp)
[[0;32m  OK  [0m] Started udev Coldplug all Devices.
[    4.293565] iscsi: registered transport (iser)
[[0;32m  OK  [0m] Started Set the console keyboard layout.
[[0;32m  OK  [0m] Started Load Kernel Modules.
         Mounting Kernel Configuration File System...
         Starting Apply Kernel Variables...
         Mounting FUSE Control File System...
[[0;32m  OK  [0m] Mounted FUSE Control File System.
[[0;32m  OK  [0m] Mounted Kernel Configuration File System.
[[0;32m  OK  [0m] Started LVM2 metadata daemon.
[[0;32m  OK  [0m] Started Journal Service.
[[0;32m  OK  [0m] Started Create Static Device Nodes in /dev.
[[0;32m  OK  [0m] Started Remount Root and Kernel File Systems.
[[0;32m  OK  [0m] Started Monitoring of LVM2 mirrors,…sing dmeventd or progress polling.
[[0;32m  OK  [0m] Started Apply Kernel Variables.
         Starting Flush Journal to Persistent Storage...
         Starting udev Kernel Device Manager...
         Starting Load/Save Random Seed...
[[0;32m  OK  [0m] Reached target Local File Systems (Pre).
[[0;32m  OK  [0m] Reached target Local File Systems.
         Starting Commit a transient machine-id on disk...
         Starting ebtables ruleset management...
         Starting Tell Plymouth To Write Out Runtime Data...
         Starting Set console font and keymap...
         Starting AppArmor initialization...
[[0;32m  OK  [0m] Started udev Kernel Device Manager.
[[0;32m  OK  [0m] Started Dispatch Password Requests to Console Directory Watch.
[[0;32m  OK  [0m] Reached target Local Encrypted Volumes.
[[0;32m  OK  [0m] Started Load/Save Random Seed.
[[0;32m  OK  [0m] Started Set console font and keymap.
[[0;32m  OK  [0m] Started Tell Plymouth To Write Out Runtime Data.
[[0;32m  OK  [0m] Started Flush Journal to Persistent Storage.
         Starting Create Volatile Files and Directories...
[[0;32m  OK  [0m] Started Commit a transient machine-id on disk.
[[0;32m  OK  [0m] Started Create Volatile Files and Directories.
         Starting Update UTMP about System Boot/Shutdown...
[[0;32m  OK  [0m] Started Update UTMP about System Boot/Shutdown.
[[0;32m  OK  [0m] Started ebtables ruleset management.
[[0;32m  OK  [0m] Found device /dev/ttyS0.
[[0;32m  OK  [0m] Listening on Load/Save RF Kill Switch Status /dev/rfkill Watch.
[[0;32m  OK  [0m] Started AppArmor initialization.
         Starting Load AppArmor profiles managed internally by snapd...
         Starting Initial cloud-init job (pre-networking)...
[[0;32m  OK  [0m] Started Load AppArmor profiles managed internally by snapd.
[    5.861143] cloud-init[586]: Cloud-init v. 22.1-14-g2e17a0d6-0ubuntu1~18.04.3 running 'init-local' at Fri, 27 May 2022 08:19:12 +0000. Up 5.61 seconds.
[[0;32m  OK  [0m] Started Initial cloud-init job (pre-networking).
[[0;32m  OK  [0m] Reached target Network (Pre).
         Starting Network Service...
[[0;32m  OK  [0m] Started Network Service.
         Starting Network Name Resolution...
         Starting Wait for Network to be Configured...
[[0;32m  OK  [0m] Started Network Name Resolution.
[[0;32m  OK  [0m] Reached target Network.
[[0;32m  OK  [0m] Reached target Host and Network Name Lookups.
[[0;32m  OK  [0m] Started Wait for Network to be Configured.
         Starting Initial cloud-init job (metadata service crawler)...
[    7.505916] cloud-init[708]: Cloud-init v. 22.1-14-g2e17a0d6-0ubuntu1~18.04.3 running 'init' at Fri, 27 May 2022 08:19:14 +0000. Up 7.37 seconds.
[    7.516232] cloud-init[708]: ci-info: ++++++++++++++++++++++++++++++++++++++Net device info++++++++++++++++++++++++++++++++++++++
[    7.528203] cloud-init[708]: ci-info: +--------+------+----------------------------+---------------+--------+-------------------+
[    7.529988] cloud-init[708]: ci-info: | Device |  Up  |          Address           |      Mask     | Scope  |     Hw-Address    |
[    7.531684] cloud-init[708]: ci-info: +--------+------+----------------------------+---------------+--------+-------------------+
[    7.533010] cloud-init[708]: ci-info: | enp0s3 | True |         10.0.2.15          | 255.255.255.0 | global | 02:36:1c:f2:a8:92 |
[    7.534718] cloud-init[708]: ci-info: | enp0s3 | True | fe80::36:1cff:fef2:a892/64 |       .       |  link  | 02:36:1c:f2:a8:92 |
[    7.536479] cloud-init[708]: ci-info: |   lo   | True |         127.0.0.1          |   255.0.0.0   |  host  |         .         |
[    7.537624] cloud-init[708]: ci-info: |   lo   | True |          ::1/128           |       .       |  host  |         .         |
[    7.539213] cloud-init[708]: ci-info: +--------+------+----------------------------+---------------+--------+-------------------+
[    7.540882] cloud-init[708]: ci-info: ++++++++++++++++++++++++++++Route IPv4 info+++++++++++++++++++++++++++++
[    7.542317] cloud-init[708]: ci-info: +-------+-------------+----------+-----------------+-----------+-------+
[    7.543726] cloud-init[708]: ci-info: | Route | Destination | Gateway  |     Genmask     | Interface | Flags |
[    7.545175] cloud-init[708]: ci-info: +-------+-------------+----------+-----------------+-----------+-------+
[    7.546607] cloud-init[708]: ci-info: |   0   |   0.0.0.0   | 10.0.2.2 |     0.0.0.0     |   enp0s3  |   UG  |
[    7.548041] cloud-init[708]: ci-info: |   1   |   10.0.2.0  | 0.0.0.0  |  255.255.255.0  |   enp0s3  |   U   |
[    7.549509] cloud-init[708]: ci-info: |   2   |   10.0.2.2  | 0.0.0.0  | 255.255.255.255 |   enp0s3  |   UH  |
[    7.550925] cloud-init[708]: ci-info: +-------+-------------+----------+-----------------+-----------+-------+
[    7.552378] cloud-init[708]: ci-info: +++++++++++++++++++Route IPv6 info+++++++++++++++++++
[    7.553583] cloud-init[708]: ci-info: +-------+-------------+---------+-----------+-------+
[    7.554786] cloud-init[708]: ci-info: | Route | Destination | Gateway | Interface | Flags |
[    7.555986] cloud-init[708]: ci-info: +-------+-------------+---------+-----------+-------+
[    7.557220] cloud-init[708]: ci-info: |   1   |  fe80::/64  |    ::   |   enp0s3  |   U   |
[    7.558507] cloud-init[708]: ci-info: |   3   |    local    |    ::   |   enp0s3  |   U   |
[    7.559713] cloud-init[708]: ci-info: |   4   |   ff00::/8  |    ::   |   enp0s3  |   U   |
[    7.560983] cloud-init[708]: ci-info: +-------+-------------+---------+-----------+-------+
[    8.026565] cloud-init[708]: Generating public/private rsa key pair.
[    8.036235] cloud-init[708]: Your identification has been saved in /etc/ssh/ssh_host_rsa_key.
[    8.037348] cloud-init[708]: Your public key has been saved in /etc/ssh/ssh_host_rsa_key.pub.
[    8.048933] cloud-init[708]: The key fingerprint is:
[    8.049685] cloud-init[708]: SHA256:ayAKPGd2qKi8DzMDf31J1AmK0+PIEvljfZINfXVHI9A root@ubuntu-bionic
[    8.060363] cloud-init[708]: The key's randomart image is:
[[    8.076222] cloud-init[708]: +---[RSA 2048]----+
[0;32m  OK  [0m] [    8.076276] Started Initial cloud-init job (metadata service crawler).cloud-init
[708]: |        .  .+..oo|
[[    8.078102] cloud-init[708]: |   . o o o o E...|
[    8.078156] cloud-init[708]: |  o o = o +      |
[    8.078706] cloud-init[708]: |.  +.= * .       |
[    8.079251] cloud-init[708]: |oo.=B.* S        |
[    8.079463] cloud-init[708]: |oo*+.+ = o       |
[    8.080020] cloud-init[708]: |.*o . . =        |
[    8.080583] cloud-init[708]: |o =.   o         |
[    8.081124] cloud-init[708]: |.oo.             |
[    8.081670] cloud-init[708]: +----[SHA256]-----+
[    8.082218] cloud-init[708]: Generating public/private dsa key pair.
[    8.082770] cloud-init[708]: Your identification has been saved in /etc/ssh/ssh_host_dsa_key.
[    8.083316] cloud-init[708]: Your public key has been saved in /etc/ssh/ssh_host_dsa_key.pub.
[    8.083861] cloud-init[708]: The key fingerprint is:
[    8.084080] cloud-init[708]: SHA256:GeEMnhSMJ9f8RDrN4mOHbmc6lflFzR3ANXE493NQ9fI root@ubuntu-bionic
[    8.084616] cloud-init[708]: The key's randomart image is:
[    8.085145] cloud-init[708]: +---[DSA 1024]----+
[    8.085676] cloud-init[708]: |     o++... ..o**|
[    8.086207] cloud-init[708]: |    oo+=o=.  .+.=|
[    8.086739] cloud-init[708]: |     +o Boo   .*=|
[    8.087268] cloud-init[708]: |       . *.   .+*|
[    8.087801] cloud-init[708]: |        S .o .  E|
[    8.088531] cloud-init[708]: |       o o+   .  |
[    8.089058] cloud-init[708]: |        o.o. .   |
[    8.089627] cloud-init[708]: |       ..+  .    |
[    8.090155] cloud-init[708]: |        ..       |
[    8.090689] cloud-init[708]: +----[SHA256]-----+
[    8.091220] cloud-init[708]: Generating public/private ecdsa key pair.
[    8.091754] cloud-init[708]: Your identification has been saved in /etc/ssh/ssh_host_ecdsa_key.
[    8.091922] cloud-init[708]: Your public key has been saved in /etc/ssh/ssh_host_ecdsa_key.pub.
[    8.092474] cloud-init[708]: The key fingerprint is:
[    8.092997] cloud-init[708]: SHA256:+L0pcKLKGVtZCKR8nDfWkNbYziC8CNi19OkUMHYfYGA root@ubuntu-bionic
[    8.093533] cloud-init[708]: The key's randomart image is:
[    8.094059] cloud-init[708]: +---[ECDSA 256]---+
[    8.094591] cloud-init[708]: |..o.E+X..        |
[    8.095137] cloud-init[708]: |+oo*.@o* .       |
[    8.095682] cloud-init[708]: |o.o+=+B..        |
[    8.096074] cloud-init[708]: | ..oo+.+         |
[    8.096609] cloud-init[708]: |    . + S        |
[    8.097153] cloud-init[708]: |     oo...       |
[    8.097698] cloud-init[708]: |  . o. +. .      |
[    8.098446] cloud-init[708]: | . =.   .  o     |
[    8.098982] cloud-init[708]: |  =.     .o      |
[    8.099343] cloud-init[708]: +----[SHA256]-----+
[0;32m  OK  [0m] [    8.099371] Reached target Network is Online.cloud-init
[708]: Generating public/private ed25519 key pair.
         Starting Availability of block devices...[    8.120386] 
cloud-init[708]: Your identification has been saved in /etc/ssh/ssh_host_ed25519_key.
[[0;32m  OK  [0m] Reached target Remote File Systems (Pre).
[[0;32m  OK  [0m] Reached target Remote File Systems.
[[0;32m  OK  [0m] Reached target System Initialization.
[[0;32m  OK  [0m] Started Daily apt download activities.
[    8.142795] cloud-init[708]: Your public key has been saved in /etc/ssh/ssh_host_ed25519_key.pub.
[[0;32m  OK  [0m] Listening on ACPID Listen Socket.
[    8.147682] cloud-init[708]: The key fingerprint is:[[0;32m  OK  [0m] Started Message of the Day.
[[0;32m  OK  [0m] Listening on cloud-init hotplug hook socket.
[[0;32m  OK  [0m] Started Trigger to poll for Ubuntu …(Only enabled on GCP LTS non-pro).
         Starting LXD - unix socket.
[[0;32m  OK  [0m] Started Discard unused blocks once a week.
[[0;32m  OK  [0m] Started Daily apt upgrade and clean activities.
[[0;32m  OK  [0m] Listening on Open-iSCSI iscsid Socket.
[[0;32m  OK  [0m] Listening on D-Bus System Message Bus Socket.
[[0;32m  OK  [0m] Started Daily Cleanup of Temporary Directories.
[[0;32m  OK  [0m] Started ACPI Events Check.
[[0;32m  OK  [0m] Reached target Paths.
[[0;32m  OK  [0m] Started Ubuntu Advantage Timer for running repeated jobs.
[[0;32m  OK  [0m] Reached target Timers.
         Starting Socket activation for snappy daemon.
[[0;32m  OK  [0m] Listening on UUID daemon activation socket.
[[0;32m  OK  [0m] Reached target Cloud-config availability.
[[0;32m  OK  [0m] Started Availability of block devices.

[    8.160468] cloud-init[708]: SHA256:ZatRh1zXvOYTQoGV6lY63d9YmYwTLwbAHXSnBhQRw/o root@ubuntu-bionic
[    8.160593] cloud-init[708]: The key's randomart image is:
[    8.161138] cloud-init[708]: +--[ED25519 256]--+
[    8.161690] cloud-init[708]: |        . =XO+++ |
[    8.162240] cloud-init[708]: |         + *++o o|
[    8.162813] cloud-init[708]: |          O +o  .|
[    8.163364] cloud-init[708]: |         = =.+ + |
[[0;32m  OK  [0m] Listening on LXD - unix socket.
[    8.163910] cloud-init[708]: |        S + = X +|
[    8.166872] cloud-init[708]: |         o E * O.|
[    8.167615] cloud-init[708]: |        . . o oo+|
[    8.168379] cloud-init[708]: |              . o|
[    8.169343] cloud-init[708]: |                 |
[    8.170071] cloud-init[708]: +----[SHA256]-----+
[[0;32m  OK  [0m] Listening on Socket activation for snappy daemon.
[[0;32m  OK  [0m] Reached target Sockets.
[[0;32m  OK  [0m] Reached target Basic System.
         Starting Accounts Service...
         Starting Login Service...
         Starting Dispatcher daemon for systemd-networkd...
         Starting Permit User Sessions...
         Starting Virtualbox guest utils...
[[0;32m  OK  [0m] Started Deferred execution scheduler.
         Starting Pollinate to seed the pseudo random number generator...
[[0;32m  OK  [0m] Started Regular background program processing daemon.
[[0;32m  OK  [0m] Started D-Bus System Message Bus.
[[0;32m  OK  [0m] Started Login Service.
[[0;32m  OK  [0m] Started Unattended Upgrades Shutdown.
[[0;32m  OK  [0m] Started irqbalance daemon.
         Starting LSB: automatic crash report generation...
         Starting LXD - container startup/shutdown...
         Starting LSB: Record successful boot for GRUB...
         Starting System Logging Service...
[[0;32m  OK  [0m] Started FUSE filesystem for LXC.
         Starting Snap Daemon...
[[0;32m  OK  [0m] Started System Logging Service.
[[0;32m  OK  [0m] Started Permit User Sessions.
[[0;32m  OK  [0m] Started LXD - container startup/shutdown.
         Starting Authorization Manager...
         Starting Hold until boot process finishes up...
         Starting Terminate Plymouth Boot Screen...
[[0;32m  OK  [0m] Started Hold until boot process finishes up.
[[0;32m  OK  [0m] Started Terminate Plymouth Boot Screen.
         Starting Set console scheme...
[[0;32m  OK  [0m] Started Serial Getty on ttyS0.
[[0;32m  OK  [0m] Started LSB: automatic crash report generation.
[[0;32m  OK  [0m] Started Set console scheme.
[[0;32m  OK  [0m] Created slice system-getty.slice.
[[0;32m  OK  [0m] Started Getty on tty1.
[[0;32m  OK  [0m] Reached target Login Prompts.
[[0;32m  OK  [0m] Started LSB: Record successful boot for GRUB.
[[0;32m  OK  [0m] Started Authorization Manager.
[[0;32m  OK  [0m] Started Accounts Service.
[[0;32m  OK  [0m] Started Virtualbox guest utils.
[[0;32m  OK  [0m] Started Dispatcher daemon for systemd-networkd.
[[0;32m  OK  [0m] Started Snap Daemon.
         Starting Wait until snapd is fully seeded...
         Starting Time & Date Service...
[[0;32m  OK  [0m] Started Time & Date Service.
[[0;32m  OK  [0m] Started Pollinate to seed the pseudo random number generator.
         Starting OpenBSD Secure Shell server...
[[0;32m  OK  [0m] Started OpenBSD Secure Shell server.
[[0;32m  OK  [0m] Created slice User Slice of vagrant.
         Starting User Manager for UID 1000...
[[0;32m  OK  [0m] Started Session 1 of user vagrant.
[[0;32m  OK  [0m] Started User Manager for UID 1000.
[[0;32m  OK  [0m] Started Session 3 of user vagrant.

Ubuntu 18.04.6 LTS ubuntu-bionic ttyS0

ubuntu-bionic login: [   14.927237] cloud-init[1766]: Cloud-init v. 22.1-14-g2e17a0d6-0ubuntu1~18.04.3 running 'modules:config' at Fri, 27 May 2022 08:19:21 +0000. Up 14.62 seconds.
[[0;32m  OK  [0m] Started Apply the settings specified in cloud-config.
         Starting Execute cloud user/final scripts...
ci-info: no authorized SSH keys fingerprints found for user ubuntu.
<14>May 27 08:19:22 cloud-init: #############################################################
<14>May 27 08:19:22 cloud-init: -----BEGIN SSH HOST KEY FINGERPRINTS-----
<14>May 27 08:19:22 cloud-init: 1024 SHA256:GeEMnhSMJ9f8RDrN4mOHbmc6lflFzR3ANXE493NQ9fI root@ubuntu-bionic (DSA)
<14>May 27 08:19:22 cloud-init: 256 SHA256:+L0pcKLKGVtZCKR8nDfWkNbYziC8CNi19OkUMHYfYGA root@ubuntu-bionic (ECDSA)
<14>May 27 08:19:22 cloud-init: 256 SHA256:ZatRh1zXvOYTQoGV6lY63d9YmYwTLwbAHXSnBhQRw/o root@ubuntu-bionic (ED25519)
<14>May 27 08:19:22 cloud-init: 2048 SHA256:ayAKPGd2qKi8DzMDf31J1AmK0+PIEvljfZINfXVHI9A root@ubuntu-bionic (RSA)
<14>May 27 08:19:22 cloud-init: -----END SSH HOST KEY FINGERPRINTS-----
<14>May 27 08:19:22 cloud-init: #############################################################
-----BEGIN SSH HOST KEY KEYS-----
ecdsa-sha2-nistp256 AAAAE2VjZHNhLXNoYTItbmlzdHAyNTYAAAAIbmlzdHAyNTYAAABBBOh/+bgpHPOx51c0ZwIgAyv0ZiPkB4CQSKIRCidKDOMXOq5vtAnZFQEXtxlUxMmcNNxcZfOw6XERufcegUX6X60= root@ubuntu-bionic
ssh-ed25519 AAAAC3NzaC1lZDI1NTE5AAAAINSGYOcuORgUy3FU9LQeqrp+FIFNURCQZqjNSktordIL root@ubuntu-bionic
ssh-rsa AAAAB3NzaC1yc2EAAAADAQABAAABAQDDtKCZGrb2oEwUR4/l4kEdccPG8TQ20bI0RIkYbnaYGisbG3WmZLgPt8pBqcuXDMUYNnKseZaebv9ebZI/3vfSbdhL94Lzd6CuY5mSC4hby293A1wdWAX9PCIH3x1zoK+7r4eEpMZBZaggzPRMfjqQnSrV5A/4BnC+/DFeGVOfdx0mgZnAd1eqEG/svculSRb5laJYztp6f8JLKxipMHhQ5/ExR8ni7CPtoP2KRVqFuG+O233UxH4sf9riwLIcf8oKvUZTe1hBWeJQ4IIQCgq+Af2N0CNsU1cmE+tMc75C2IGqhyBUPrTkw8ZH2SM875KVic9o5F1BAN54QIksXLYD root@ubuntu-bionic
-----END SSH HOST KEY KEYS-----
[   15.495242] cloud-init[1998]: Cloud-init v. 22.1-14-g2e17a0d6-0ubuntu1~18.04.3 running 'modules:final' at Fri, 27 May 2022 08:19:22 +0000. Up 15.35 seconds.
[   15.495315] cloud-init[1998]: Cloud-init v. 22.1-14-g2e17a0d6-0ubuntu1~18.04.3 finished at Fri, 27 May 2022 08:19:22 +0000. Datasource DataSourceNoCloud [seed=/dev/sdb][dsmode=net].  Up 15.48 seconds
[[0;32m  OK  [0m] Started Execute cloud user/final scripts.
[[0;32m  OK  [0m] Reached target Cloud-init target.
